<?xml version="1.0" encoding="UTF-8"?>
<testsuite hostname="rhel61-server5.testrelm" name="com.redhat.qe.ipa21.tests.group.GroupTests" tests="2" failures="0" timestamp="6 Jun 2011 15:24:49 GMT" time="0.074" errors="0">
  <testcase name="@BeforeClass intialize" time="0.0" classname="com.redhat.qe.ipa21.tests.group.GroupTests">
    <failure type="java.lang.NullPointerException">
      <![CDATA[java.lang.NullPointerException
	at com.redhat.qe.ipa21.tests.group.GroupTests.intialize(GroupTests.java:33)
	at sun.reflect.NativeMethodAccessorImpl.invoke0(Native Method)
	at sun.reflect.NativeMethodAccessorImpl.invoke(NativeMethodAccessorImpl.java:57)
	at sun.reflect.DelegatingMethodAccessorImpl.invoke(DelegatingMethodAccessorImpl.java:43)
	at java.lang.reflect.Method.invoke(Method.java:616)
	at org.testng.internal.MethodInvocationHelper.invokeMethod(MethodInvocationHelper.java:76)
	at org.testng.internal.Invoker.invokeConfigurationMethod(Invoker.java:525)
	at org.testng.internal.Invoker.invokeConfigurations(Invoker.java:202)
	at org.testng.internal.Invoker.invokeConfigurations(Invoker.java:130)
	at org.testng.internal.TestMethodWorker.invokeBeforeClassMethods(TestMethodWorker.java:173)
	at org.testng.internal.TestMethodWorker.run(TestMethodWorker.java:105)
	at org.testng.TestRunner.runWorkers(TestRunner.java:1147)
	at org.testng.TestRunner.privateRun(TestRunner.java:749)
	at org.testng.TestRunner.run(TestRunner.java:600)
	at org.testng.SuiteRunner.runTest(SuiteRunner.java:329)
	at org.testng.SuiteRunner.runSequentially(SuiteRunner.java:324)
	at org.testng.SuiteRunner.privateRun(SuiteRunner.java:286)
	at org.testng.SuiteRunner.run(SuiteRunner.java:235)
	at org.testng.SuiteRunnerWorker.runSuite(SuiteRunnerWorker.java:52)
	at org.testng.SuiteRunnerWorker.run(SuiteRunnerWorker.java:86)
	at org.testng.TestNG.runSuitesSequentially(TestNG.java:1049)
	at org.testng.TestNG.runSuitesLocally(TestNG.java:974)
	at org.testng.TestNG.run(TestNG.java:905)
	at org.testng.remote.RemoteTestNG.run(RemoteTestNG.java:111)
	at org.testng.remote.RemoteTestNG.initAndRun(RemoteTestNG.java:203)
	at org.testng.remote.RemoteTestNG.main(RemoteTestNG.java:174)
]]>
    </failure>
  </testcase>
  <testcase name="testGroupadd" time="0.002" classname="com.redhat.qe.ipa21.tests.group.GroupTests">
    <skipped/>
  </testcase>
  <testcase name="testGroupadd" time="0.001" classname="com.redhat.qe.ipa21.tests.group.GroupTests">
    <skipped/>
  </testcase>
</testsuite>
