<?xml version="1.0" encoding="UTF-8"?>
<testng-results skipped="0" failed="0" total="2" passed="2">
  <reporter-output>
    <line>
      <![CDATA[<div class='FINE'>Loaded logger configuration from log.propertiesfile: log.properties</div>]]>
    </line>
    <line>
      <![CDATA[<div class='INFO'>System property automation.propertiesfile is not set.  Defaulting to /root/automation.properties</div>]]>
    </line>
    <line>
      <![CDATA[<div class='FINE'>Loaded automation properties from automation.propertiesfile: /root/automation.properties</div>]]>
    </line>
    <line>
      <![CDATA[<div class='INFO banner'>Starting TestNG Suite:IPAGroupTestSuite</div>]]>
    </line>
    <line>
      <![CDATA[<div class='INFO banner'>Starting TestNG Suite:IPAGroupTestSuite</div>]]>
    </line>
    <line>
      <![CDATA[<div class='FINE'>Connecting to selenium server at rhel61-server5.testrelm:4444</div>]]>
    </line>
    <line>
      <![CDATA[<div class='FINE banner'>Configuration completed: com.redhat.qe.ipa.base.SeleniumTestScript.setupSession</div>]]>
    </line>
    <line>
      <![CDATA[<div class='FINE banner'>Configuration completed: com.redhat.qe.ipa.base.SeleniumTestScript.setupSession</div>]]>
    </line>
    <line>
      <![CDATA[<div class='INFO banner'>Starting TestNG Script: Start Group Tests</div>]]>
    </line>
    <line>
      <![CDATA[<div class='INFO banner'>Starting TestNG Script: Start Group Tests</div>]]>
    </line>
    <line>
      <![CDATA[<div class='INFO ACTION'>Open URL '<a href=https://rhel61-server5.testrelm/ipa/ui/#identity=1&navigation=0>https://rhel61-server5.testrelm/ipa/ui/#identity=1&navigation=0</a>'.</div>]]>
    </line>
    <line>
      <![CDATA[<div class='INFO'>Current URL is <a href=https://rhel61-server5.testrelm/ipa/ui/#identity=1&navigation=0>https://rhel61-server5.testrelm/ipa/ui/#identity=1&navigation=0</a> .</div>]]>
    </line>
    <line>
      <![CDATA[<div class='FINE banner'>Configuration completed: com.redhat.qe.ipa21.tests.group.GroupTests.intialize</div>]]>
    </line>
    <line>
      <![CDATA[<div class='FINE banner'>Configuration completed: com.redhat.qe.ipa21.tests.group.GroupTests.intialize</div>]]>
    </line>
    <line>
      <![CDATA[<div class='INFO banner startTest'>Starting Test: testGroupadd([create_good_group, auto_good, Good group])</div>]]>
    </line>
    <line>
      <![CDATA[<div class='INFO banner startTest'>Starting Test: testGroupadd([create_good_group, auto_good, Good group])</div>]]>
    </line>
    <line>
      <![CDATA[<div class='INFO ASSERT'>Asserted: auto_good was added in previous test</div>]]>
    </line>
    <line>
      <![CDATA[<div class='INFO ACTION'>Click on link: 'Add'. (link=Add)</div>]]>
    </line>
    <line>
      <![CDATA[<div class='INFO ACTION'>Type 'auto_good' into textbox: cn</div>]]>
    </line>
    <line>
      <![CDATA[<div class='INFO ACTION'>Type 'Good group' into textbox: description</div>]]>
    </line>
    <line>
      <![CDATA[<div class='INFO ACTION'>Click on button: //button[@type='button']</div>]]>
    </line>
    <line>
      <![CDATA[<div class='INFO ASSERT'>Asserted: auto_good added successfully</div>]]>
    </line>
    <line>
      <![CDATA[<div class='INFO banner'>Test Passed: testGroupadd([create_good_group, auto_good, Good group])</div>]]>
    </line>
    <line>
      <![CDATA[<div class='INFO banner'>Test Passed: testGroupadd([create_good_group, auto_good, Good group])</div>]]>
    </line>
    <line>
      <![CDATA[<div class='INFO banner startTest'>Starting Test: testGroupadd([create_blankName, xxx, Blank group])</div>]]>
    </line>
    <line>
      <![CDATA[<div class='INFO banner startTest'>Starting Test: testGroupadd([create_blankName, xxx, Blank group])</div>]]>
    </line>
    <line>
      <![CDATA[<div class='INFO ASSERT'>Asserted: xxx was added in previous test</div>]]>
    </line>
    <line>
      <![CDATA[<div class='INFO ACTION'>Click on link: 'Add'. (link=Add)</div>]]>
    </line>
    <line>
      <![CDATA[<div class='INFO ACTION'>Type 'xxx' into textbox: cn</div>]]>
    </line>
    <line>
      <![CDATA[<div class='INFO ACTION'>Type 'Blank group' into textbox: description</div>]]>
    </line>
    <line>
      <![CDATA[<div class='INFO ACTION'>Click on button: //button[@type='button']</div>]]>
    </line>
    <line>
      <![CDATA[<div class='INFO ASSERT'>Asserted: xxx added successfully</div>]]>
    </line>
    <line>
      <![CDATA[<div class='INFO banner'>Test Passed: testGroupadd([create_blankName, xxx, Blank group])</div>]]>
    </line>
    <line>
      <![CDATA[<div class='INFO banner'>Test Passed: testGroupadd([create_blankName, xxx, Blank group])</div>]]>
    </line>
    <line>
      <![CDATA[<div class='INFO banner'>Finished TestNG Script: Start Group Tests</div>]]>
    </line>
    <line>
      <![CDATA[<div class='INFO banner'>Finished TestNG Script: Start Group Tests</div>]]>
    </line>
    <line>
      <![CDATA[<div class='INFO banner'>Finishing TestNG Suite:IPAGroupTestSuite</div>]]>
    </line>
    <line>
      <![CDATA[<div class='INFO banner'>Finishing TestNG Suite:IPAGroupTestSuite</div>]]>
    </line>
  </reporter-output>
  <suite name="IPAGroupTestSuite" duration-ms="10824" started-at="2011-06-06T11:25:13Z" finished-at="2011-06-06T11:25:24Z">
    <groups>
      <group name="groupTests">
        <method signature="com.redhat.qe.ipa21.tests.group.GroupTests.testGroupadd(java.lang.String, java.lang.String, java.lang.String)" name="testGroupadd" class="com.redhat.qe.ipa21.tests.group.GroupTests"/>
      </group>
    </groups>
    <test name="Start Group Tests" duration-ms="10824" started-at="2011-06-06T11:25:13Z" finished-at="2011-06-06T11:25:24Z">
      <class name="com.redhat.qe.ipa.base.SeleniumTestScript">
        <test-method status="PASS" signature="setupSession()" name="setupSession" is-config="true" duration-ms="8085" started-at="2011-06-06T11:25:05Z" finished-at="2011-06-06T11:25:13Z">
        </test-method>
      </class>
      <class name="com.redhat.qe.ipa21.tests.group.GroupTests">
        <test-method status="PASS" signature="intialize()" name="intialize" is-config="true" duration-ms="1628" started-at="2011-06-06T11:25:13Z" description="Initialize app for this test suite run" finished-at="2011-06-06T11:25:15Z">
        </test-method>
        <test-method status="PASS" signature="testGroupadd(java.lang.String, java.lang.String, java.lang.String)" name="testGroupadd" duration-ms="7011" started-at="2011-06-06T11:25:15Z" finished-at="2011-06-06T11:25:22Z">
          <params>
            <param index="0">
              <value>
                <![CDATA[create_good_group]]>
              </value>
            </param>
            <param index="1">
              <value>
                <![CDATA[auto_good]]>
              </value>
            </param>
            <param index="2">
              <value>
                <![CDATA[Good group]]>
              </value>
            </param>
          </params>
        </test-method>
        <test-method status="PASS" signature="testGroupadd(java.lang.String, java.lang.String, java.lang.String)" name="testGroupadd" duration-ms="2118" started-at="2011-06-06T11:25:22Z" finished-at="2011-06-06T11:25:24Z">
          <params>
            <param index="0">
              <value>
                <![CDATA[create_blankName]]>
              </value>
            </param>
            <param index="1">
              <value>
                <![CDATA[xxx]]>
              </value>
            </param>
            <param index="2">
              <value>
                <![CDATA[Blank group]]>
              </value>
            </param>
          </params>
        </test-method>
      </class>
    </test>
  </suite>
</testng-results>
